2019-10-20T01:46:50+00:00 CRITICAL Uncaught WC_Data_Exception: Invalid billing email address in /Users/electriceskimo/Desktop/sites/blood_test/wp-content/plugins/woocommerce/includes/abstracts/abstract-wc-data.php:762
Stack trace:
#0 /Users/electriceskimo/Desktop/sites/blood_test/wp-content/plugins/woocommerce/includes/class-wc-customer.php(962): WC_Data->error('customer_invali...', 'Invalid billing...')
#1 /Users/electriceskimo/Desktop/sites/blood_test/wp-content/plugins/woocommerce/includes/data-stores/class-wc-customer-data-store-session.php(113): WC_Customer->set_billing_email('craig@localhost')
#2 /Users/electriceskimo/Desktop/sites/blood_test/wp-content/plugins/woocommerce/includes/class-wc-data-store.php(156): WC_Customer_Data_Store_Session->read(Object(WC_Customer))
#3 /Users/electriceskimo/Desktop/sites/blood_test/wp-content/plugins/woocommerce/includes/class-wc-customer.php(116): WC_Data_Store->read(Object(WC_Customer))
#4 /Users/electriceskimo/Desktop/sites/blood_test/wp-content/plugins/woocommerce/includes/class-woocommerce.php(480

2019-10-20T01:46:51+00:00 CRITICAL Uncaught WC_Data_Exception: Invalid billing email address in /Users/electriceskimo/Desktop/sites/blood_test/wp-content/plugins/woocommerce/includes/abstracts/abstract-wc-data.php:762
Stack trace:
#0 /Users/electriceskimo/Desktop/sites/blood_test/wp-content/plugins/woocommerce/includes/class-wc-customer.php(962): WC_Data->error('customer_invali...', 'Invalid billing...')
#1 /Users/electriceskimo/Desktop/sites/blood_test/wp-content/plugins/woocommerce/includes/data-stores/class-wc-customer-data-store-session.php(113): WC_Customer->set_billing_email('craig@localhost')
#2 /Users/electriceskimo/Desktop/sites/blood_test/wp-content/plugins/woocommerce/includes/class-wc-data-store.php(156): WC_Customer_Data_Store_Session->read(Object(WC_Customer))
#3 /Users/electriceskimo/Desktop/sites/blood_test/wp-content/plugins/woocommerce/includes/class-wc-customer.php(116): WC_Data_Store->read(Object(WC_Customer))
#4 /Users/electriceskimo/Desktop/sites/blood_test/wp-content/plugins/woocommerce/includes/class-woocommerce.php(480

2019-10-20T01:46:52+00:00 CRITICAL Uncaught WC_Data_Exception: Invalid billing email address in /Users/electriceskimo/Desktop/sites/blood_test/wp-content/plugins/woocommerce/includes/abstracts/abstract-wc-data.php:762
Stack trace:
#0 /Users/electriceskimo/Desktop/sites/blood_test/wp-content/plugins/woocommerce/includes/class-wc-customer.php(962): WC_Data->error('customer_invali...', 'Invalid billing...')
#1 /Users/electriceskimo/Desktop/sites/blood_test/wp-content/plugins/woocommerce/includes/data-stores/class-wc-customer-data-store-session.php(113): WC_Customer->set_billing_email('craig@localhost')
#2 /Users/electriceskimo/Desktop/sites/blood_test/wp-content/plugins/woocommerce/includes/class-wc-data-store.php(156): WC_Customer_Data_Store_Session->read(Object(WC_Customer))
#3 /Users/electriceskimo/Desktop/sites/blood_test/wp-content/plugins/woocommerce/includes/class-wc-customer.php(116): WC_Data_Store->read(Object(WC_Customer))
#4 /Users/electriceskimo/Desktop/sites/blood_test/wp-content/plugins/woocommerce/includes/class-woocommerce.php(480

2019-10-20T01:46:54+00:00 CRITICAL Uncaught WC_Data_Exception: Invalid billing email address in /Users/electriceskimo/Desktop/sites/blood_test/wp-content/plugins/woocommerce/includes/abstracts/abstract-wc-data.php:762
Stack trace:
#0 /Users/electriceskimo/Desktop/sites/blood_test/wp-content/plugins/woocommerce/includes/class-wc-customer.php(962): WC_Data->error('customer_invali...', 'Invalid billing...')
#1 /Users/electriceskimo/Desktop/sites/blood_test/wp-content/plugins/woocommerce/includes/data-stores/class-wc-customer-data-store-session.php(113): WC_Customer->set_billing_email('craig@localhost')
#2 /Users/electriceskimo/Desktop/sites/blood_test/wp-content/plugins/woocommerce/includes/class-wc-data-store.php(156): WC_Customer_Data_Store_Session->read(Object(WC_Customer))
#3 /Users/electriceskimo/Desktop/sites/blood_test/wp-content/plugins/woocommerce/includes/class-wc-customer.php(116): WC_Data_Store->read(Object(WC_Customer))
#4 /Users/electriceskimo/Desktop/sites/blood_test/wp-content/plugins/woocommerce/includes/class-woocommerce.php(480

2019-10-20T01:47:20+00:00 CRITICAL Uncaught WC_Data_Exception: Invalid billing email address in /Users/electriceskimo/Desktop/sites/blood_test/wp-content/plugins/woocommerce/includes/abstracts/abstract-wc-data.php:762
Stack trace:
#0 /Users/electriceskimo/Desktop/sites/blood_test/wp-content/plugins/woocommerce/includes/class-wc-customer.php(962): WC_Data->error('customer_invali...', 'Invalid billing...')
#1 /Users/electriceskimo/Desktop/sites/blood_test/wp-content/plugins/woocommerce/includes/data-stores/class-wc-customer-data-store-session.php(113): WC_Customer->set_billing_email('craig@localhost')
#2 /Users/electriceskimo/Desktop/sites/blood_test/wp-content/plugins/woocommerce/includes/class-wc-data-store.php(156): WC_Customer_Data_Store_Session->read(Object(WC_Customer))
#3 /Users/electriceskimo/Desktop/sites/blood_test/wp-content/plugins/woocommerce/includes/class-wc-customer.php(116): WC_Data_Store->read(Object(WC_Customer))
#4 /Users/electriceskimo/Desktop/sites/blood_test/wp-content/plugins/woocommerce/includes/class-woocommerce.php(480

2019-10-20T01:47:21+00:00 CRITICAL Uncaught WC_Data_Exception: Invalid billing email address in /Users/electriceskimo/Desktop/sites/blood_test/wp-content/plugins/woocommerce/includes/abstracts/abstract-wc-data.php:762
Stack trace:
#0 /Users/electriceskimo/Desktop/sites/blood_test/wp-content/plugins/woocommerce/includes/class-wc-customer.php(962): WC_Data->error('customer_invali...', 'Invalid billing...')
#1 /Users/electriceskimo/Desktop/sites/blood_test/wp-content/plugins/woocommerce/includes/data-stores/class-wc-customer-data-store-session.php(113): WC_Customer->set_billing_email('craig@localhost')
#2 /Users/electriceskimo/Desktop/sites/blood_test/wp-content/plugins/woocommerce/includes/class-wc-data-store.php(156): WC_Customer_Data_Store_Session->read(Object(WC_Customer))
#3 /Users/electriceskimo/Desktop/sites/blood_test/wp-content/plugins/woocommerce/includes/class-wc-customer.php(116): WC_Data_Store->read(Object(WC_Customer))
#4 /Users/electriceskimo/Desktop/sites/blood_test/wp-content/plugins/woocommerce/includes/class-woocommerce.php(480

2019-10-20T01:47:22+00:00 CRITICAL Uncaught WC_Data_Exception: Invalid billing email address in /Users/electriceskimo/Desktop/sites/blood_test/wp-content/plugins/woocommerce/includes/abstracts/abstract-wc-data.php:762
Stack trace:
#0 /Users/electriceskimo/Desktop/sites/blood_test/wp-content/plugins/woocommerce/includes/class-wc-customer.php(962): WC_Data->error('customer_invali...', 'Invalid billing...')
#1 /Users/electriceskimo/Desktop/sites/blood_test/wp-content/plugins/woocommerce/includes/data-stores/class-wc-customer-data-store-session.php(113): WC_Customer->set_billing_email('craig@localhost')
#2 /Users/electriceskimo/Desktop/sites/blood_test/wp-content/plugins/woocommerce/includes/class-wc-data-store.php(156): WC_Customer_Data_Store_Session->read(Object(WC_Customer))
#3 /Users/electriceskimo/Desktop/sites/blood_test/wp-content/plugins/woocommerce/includes/class-wc-customer.php(116): WC_Data_Store->read(Object(WC_Customer))
#4 /Users/electriceskimo/Desktop/sites/blood_test/wp-content/plugins/woocommerce/includes/class-woocommerce.php(480

2019-10-20T01:47:23+00:00 CRITICAL Uncaught WC_Data_Exception: Invalid billing email address in /Users/electriceskimo/Desktop/sites/blood_test/wp-content/plugins/woocommerce/includes/abstracts/abstract-wc-data.php:762
Stack trace:
#0 /Users/electriceskimo/Desktop/sites/blood_test/wp-content/plugins/woocommerce/includes/class-wc-customer.php(962): WC_Data->error('customer_invali...', 'Invalid billing...')
#1 /Users/electriceskimo/Desktop/sites/blood_test/wp-content/plugins/woocommerce/includes/data-stores/class-wc-customer-data-store-session.php(113): WC_Customer->set_billing_email('craig@localhost')
#2 /Users/electriceskimo/Desktop/sites/blood_test/wp-content/plugins/woocommerce/includes/class-wc-data-store.php(156): WC_Customer_Data_Store_Session->read(Object(WC_Customer))
#3 /Users/electriceskimo/Desktop/sites/blood_test/wp-content/plugins/woocommerce/includes/class-wc-customer.php(116): WC_Data_Store->read(Object(WC_Customer))
#4 /Users/electriceskimo/Desktop/sites/blood_test/wp-content/plugins/woocommerce/includes/class-woocommerce.php(480

2019-10-20T01:48:21+00:00 CRITICAL Uncaught WC_Data_Exception: Invalid billing email address in /Users/electriceskimo/Desktop/sites/blood_test/wp-content/plugins/woocommerce/includes/abstracts/abstract-wc-data.php:762
Stack trace:
#0 /Users/electriceskimo/Desktop/sites/blood_test/wp-content/plugins/woocommerce/includes/class-wc-customer.php(962): WC_Data->error('customer_invali...', 'Invalid billing...')
#1 /Users/electriceskimo/Desktop/sites/blood_test/wp-content/plugins/woocommerce/includes/data-stores/class-wc-customer-data-store-session.php(113): WC_Customer->set_billing_email('craig@localhost')
#2 /Users/electriceskimo/Desktop/sites/blood_test/wp-content/plugins/woocommerce/includes/class-wc-data-store.php(156): WC_Customer_Data_Store_Session->read(Object(WC_Customer))
#3 /Users/electriceskimo/Desktop/sites/blood_test/wp-content/plugins/woocommerce/includes/class-wc-customer.php(116): WC_Data_Store->read(Object(WC_Customer))
#4 /Users/electriceskimo/Desktop/sites/blood_test/wp-content/plugins/woocommerce/includes/class-woocommerce.php(480

2019-10-20T01:49:32+00:00 CRITICAL Uncaught WC_Data_Exception: Invalid billing email address in /Users/electriceskimo/Desktop/sites/blood_test/wp-content/plugins/woocommerce/includes/abstracts/abstract-wc-data.php:762
Stack trace:
#0 /Users/electriceskimo/Desktop/sites/blood_test/wp-content/plugins/woocommerce/includes/class-wc-customer.php(962): WC_Data->error('customer_invali...', 'Invalid billing...')
#1 /Users/electriceskimo/Desktop/sites/blood_test/wp-content/plugins/woocommerce/includes/data-stores/class-wc-customer-data-store-session.php(113): WC_Customer->set_billing_email('craig@localhost')
#2 /Users/electriceskimo/Desktop/sites/blood_test/wp-content/plugins/woocommerce/includes/class-wc-data-store.php(156): WC_Customer_Data_Store_Session->read(Object(WC_Customer))
#3 /Users/electriceskimo/Desktop/sites/blood_test/wp-content/plugins/woocommerce/includes/class-wc-customer.php(116): WC_Data_Store->read(Object(WC_Customer))
#4 /Users/electriceskimo/Desktop/sites/blood_test/wp-content/plugins/woocommerce/includes/class-woocommerce.php(480

2019-10-20T01:49:36+00:00 CRITICAL Uncaught WC_Data_Exception: Invalid billing email address in /Users/electriceskimo/Desktop/sites/blood_test/wp-content/plugins/woocommerce/includes/abstracts/abstract-wc-data.php:762
Stack trace:
#0 /Users/electriceskimo/Desktop/sites/blood_test/wp-content/plugins/woocommerce/includes/class-wc-customer.php(962): WC_Data->error('customer_invali...', 'Invalid billing...')
#1 /Users/electriceskimo/Desktop/sites/blood_test/wp-content/plugins/woocommerce/includes/data-stores/class-wc-customer-data-store-session.php(113): WC_Customer->set_billing_email('craig@localhost')
#2 /Users/electriceskimo/Desktop/sites/blood_test/wp-content/plugins/woocommerce/includes/class-wc-data-store.php(156): WC_Customer_Data_Store_Session->read(Object(WC_Customer))
#3 /Users/electriceskimo/Desktop/sites/blood_test/wp-content/plugins/woocommerce/includes/class-wc-customer.php(116): WC_Data_Store->read(Object(WC_Customer))
#4 /Users/electriceskimo/Desktop/sites/blood_test/wp-content/plugins/woocommerce/includes/class-woocommerce.php(480

2019-10-20T01:49:38+00:00 CRITICAL Uncaught WC_Data_Exception: Invalid billing email address in /Users/electriceskimo/Desktop/sites/blood_test/wp-content/plugins/woocommerce/includes/abstracts/abstract-wc-data.php:762
Stack trace:
#0 /Users/electriceskimo/Desktop/sites/blood_test/wp-content/plugins/woocommerce/includes/class-wc-customer.php(962): WC_Data->error('customer_invali...', 'Invalid billing...')
#1 /Users/electriceskimo/Desktop/sites/blood_test/wp-content/plugins/woocommerce/includes/data-stores/class-wc-customer-data-store-session.php(113): WC_Customer->set_billing_email('craig@localhost')
#2 /Users/electriceskimo/Desktop/sites/blood_test/wp-content/plugins/woocommerce/includes/class-wc-data-store.php(156): WC_Customer_Data_Store_Session->read(Object(WC_Customer))
#3 /Users/electriceskimo/Desktop/sites/blood_test/wp-content/plugins/woocommerce/includes/class-wc-customer.php(116): WC_Data_Store->read(Object(WC_Customer))
#4 /Users/electriceskimo/Desktop/sites/blood_test/wp-content/plugins/woocommerce/includes/class-woocommerce.php(480

2019-10-20T01:49:39+00:00 CRITICAL Uncaught WC_Data_Exception: Invalid billing email address in /Users/electriceskimo/Desktop/sites/blood_test/wp-content/plugins/woocommerce/includes/abstracts/abstract-wc-data.php:762
Stack trace:
#0 /Users/electriceskimo/Desktop/sites/blood_test/wp-content/plugins/woocommerce/includes/class-wc-customer.php(962): WC_Data->error('customer_invali...', 'Invalid billing...')
#1 /Users/electriceskimo/Desktop/sites/blood_test/wp-content/plugins/woocommerce/includes/data-stores/class-wc-customer-data-store-session.php(113): WC_Customer->set_billing_email('craig@localhost')
#2 /Users/electriceskimo/Desktop/sites/blood_test/wp-content/plugins/woocommerce/includes/class-wc-data-store.php(156): WC_Customer_Data_Store_Session->read(Object(WC_Customer))
#3 /Users/electriceskimo/Desktop/sites/blood_test/wp-content/plugins/woocommerce/includes/class-wc-customer.php(116): WC_Data_Store->read(Object(WC_Customer))
#4 /Users/electriceskimo/Desktop/sites/blood_test/wp-content/plugins/woocommerce/includes/class-woocommerce.php(480

2019-10-20T01:49:40+00:00 CRITICAL Uncaught WC_Data_Exception: Invalid billing email address in /Users/electriceskimo/Desktop/sites/blood_test/wp-content/plugins/woocommerce/includes/abstracts/abstract-wc-data.php:762
Stack trace:
#0 /Users/electriceskimo/Desktop/sites/blood_test/wp-content/plugins/woocommerce/includes/class-wc-customer.php(962): WC_Data->error('customer_invali...', 'Invalid billing...')
#1 /Users/electriceskimo/Desktop/sites/blood_test/wp-content/plugins/woocommerce/includes/data-stores/class-wc-customer-data-store-session.php(113): WC_Customer->set_billing_email('craig@localhost')
#2 /Users/electriceskimo/Desktop/sites/blood_test/wp-content/plugins/woocommerce/includes/class-wc-data-store.php(156): WC_Customer_Data_Store_Session->read(Object(WC_Customer))
#3 /Users/electriceskimo/Desktop/sites/blood_test/wp-content/plugins/woocommerce/includes/class-wc-customer.php(116): WC_Data_Store->read(Object(WC_Customer))
#4 /Users/electriceskimo/Desktop/sites/blood_test/wp-content/plugins/woocommerce/includes/class-woocommerce.php(480

2019-10-20T01:50:15+00:00 CRITICAL Uncaught WC_Data_Exception: Invalid billing email address in /Users/electriceskimo/Desktop/sites/blood_test/wp-content/plugins/woocommerce/includes/abstracts/abstract-wc-data.php:762
Stack trace:
#0 /Users/electriceskimo/Desktop/sites/blood_test/wp-content/plugins/woocommerce/includes/class-wc-customer.php(962): WC_Data->error('customer_invali...', 'Invalid billing...')
#1 /Users/electriceskimo/Desktop/sites/blood_test/wp-content/plugins/woocommerce/includes/data-stores/class-wc-customer-data-store-session.php(113): WC_Customer->set_billing_email('craig@localhost')
#2 /Users/electriceskimo/Desktop/sites/blood_test/wp-content/plugins/woocommerce/includes/class-wc-data-store.php(156): WC_Customer_Data_Store_Session->read(Object(WC_Customer))
#3 /Users/electriceskimo/Desktop/sites/blood_test/wp-content/plugins/woocommerce/includes/class-wc-customer.php(116): WC_Data_Store->read(Object(WC_Customer))
#4 /Users/electriceskimo/Desktop/sites/blood_test/wp-content/plugins/woocommerce/includes/class-woocommerce.php(480

2019-10-20T01:50:16+00:00 CRITICAL Uncaught WC_Data_Exception: Invalid billing email address in /Users/electriceskimo/Desktop/sites/blood_test/wp-content/plugins/woocommerce/includes/abstracts/abstract-wc-data.php:762
Stack trace:
#0 /Users/electriceskimo/Desktop/sites/blood_test/wp-content/plugins/woocommerce/includes/class-wc-customer.php(962): WC_Data->error('customer_invali...', 'Invalid billing...')
#1 /Users/electriceskimo/Desktop/sites/blood_test/wp-content/plugins/woocommerce/includes/data-stores/class-wc-customer-data-store-session.php(113): WC_Customer->set_billing_email('craig@localhost')
#2 /Users/electriceskimo/Desktop/sites/blood_test/wp-content/plugins/woocommerce/includes/class-wc-data-store.php(156): WC_Customer_Data_Store_Session->read(Object(WC_Customer))
#3 /Users/electriceskimo/Desktop/sites/blood_test/wp-content/plugins/woocommerce/includes/class-wc-customer.php(116): WC_Data_Store->read(Object(WC_Customer))
#4 /Users/electriceskimo/Desktop/sites/blood_test/wp-content/plugins/woocommerce/includes/class-woocommerce.php(480

2019-10-20T01:50:17+00:00 CRITICAL Uncaught WC_Data_Exception: Invalid billing email address in /Users/electriceskimo/Desktop/sites/blood_test/wp-content/plugins/woocommerce/includes/abstracts/abstract-wc-data.php:762
Stack trace:
#0 /Users/electriceskimo/Desktop/sites/blood_test/wp-content/plugins/woocommerce/includes/class-wc-customer.php(962): WC_Data->error('customer_invali...', 'Invalid billing...')
#1 /Users/electriceskimo/Desktop/sites/blood_test/wp-content/plugins/woocommerce/includes/data-stores/class-wc-customer-data-store-session.php(113): WC_Customer->set_billing_email('craig@localhost')
#2 /Users/electriceskimo/Desktop/sites/blood_test/wp-content/plugins/woocommerce/includes/class-wc-data-store.php(156): WC_Customer_Data_Store_Session->read(Object(WC_Customer))
#3 /Users/electriceskimo/Desktop/sites/blood_test/wp-content/plugins/woocommerce/includes/class-wc-customer.php(116): WC_Data_Store->read(Object(WC_Customer))
#4 /Users/electriceskimo/Desktop/sites/blood_test/wp-content/plugins/woocommerce/includes/class-woocommerce.php(480

2019-10-20T01:50:18+00:00 CRITICAL Uncaught WC_Data_Exception: Invalid billing email address in /Users/electriceskimo/Desktop/sites/blood_test/wp-content/plugins/woocommerce/includes/abstracts/abstract-wc-data.php:762
Stack trace:
#0 /Users/electriceskimo/Desktop/sites/blood_test/wp-content/plugins/woocommerce/includes/class-wc-customer.php(962): WC_Data->error('customer_invali...', 'Invalid billing...')
#1 /Users/electriceskimo/Desktop/sites/blood_test/wp-content/plugins/woocommerce/includes/data-stores/class-wc-customer-data-store-session.php(113): WC_Customer->set_billing_email('craig@localhost')
#2 /Users/electriceskimo/Desktop/sites/blood_test/wp-content/plugins/woocommerce/includes/class-wc-data-store.php(156): WC_Customer_Data_Store_Session->read(Object(WC_Customer))
#3 /Users/electriceskimo/Desktop/sites/blood_test/wp-content/plugins/woocommerce/includes/class-wc-customer.php(116): WC_Data_Store->read(Object(WC_Customer))
#4 /Users/electriceskimo/Desktop/sites/blood_test/wp-content/plugins/woocommerce/includes/class-woocommerce.php(480

2019-10-20T01:51:01+00:00 CRITICAL Uncaught WC_Data_Exception: Invalid billing email address in /Users/electriceskimo/Desktop/sites/blood_test/wp-content/plugins/woocommerce/includes/abstracts/abstract-wc-data.php:762
Stack trace:
#0 /Users/electriceskimo/Desktop/sites/blood_test/wp-content/plugins/woocommerce/includes/class-wc-customer.php(962): WC_Data->error('customer_invali...', 'Invalid billing...')
#1 /Users/electriceskimo/Desktop/sites/blood_test/wp-content/plugins/woocommerce/includes/data-stores/class-wc-customer-data-store-session.php(113): WC_Customer->set_billing_email('craig@localhost')
#2 /Users/electriceskimo/Desktop/sites/blood_test/wp-content/plugins/woocommerce/includes/class-wc-data-store.php(156): WC_Customer_Data_Store_Session->read(Object(WC_Customer))
#3 /Users/electriceskimo/Desktop/sites/blood_test/wp-content/plugins/woocommerce/includes/class-wc-customer.php(116): WC_Data_Store->read(Object(WC_Customer))
#4 /Users/electriceskimo/Desktop/sites/blood_test/wp-content/plugins/woocommerce/includes/class-woocommerce.php(480

2019-10-20T01:51:02+00:00 CRITICAL Uncaught WC_Data_Exception: Invalid billing email address in /Users/electriceskimo/Desktop/sites/blood_test/wp-content/plugins/woocommerce/includes/abstracts/abstract-wc-data.php:762
Stack trace:
#0 /Users/electriceskimo/Desktop/sites/blood_test/wp-content/plugins/woocommerce/includes/class-wc-customer.php(962): WC_Data->error('customer_invali...', 'Invalid billing...')
#1 /Users/electriceskimo/Desktop/sites/blood_test/wp-content/plugins/woocommerce/includes/data-stores/class-wc-customer-data-store-session.php(113): WC_Customer->set_billing_email('craig@localhost')
#2 /Users/electriceskimo/Desktop/sites/blood_test/wp-content/plugins/woocommerce/includes/class-wc-data-store.php(156): WC_Customer_Data_Store_Session->read(Object(WC_Customer))
#3 /Users/electriceskimo/Desktop/sites/blood_test/wp-content/plugins/woocommerce/includes/class-wc-customer.php(116): WC_Data_Store->read(Object(WC_Customer))
#4 /Users/electriceskimo/Desktop/sites/blood_test/wp-content/plugins/woocommerce/includes/class-woocommerce.php(480

2019-10-20T01:51:03+00:00 CRITICAL Uncaught WC_Data_Exception: Invalid billing email address in /Users/electriceskimo/Desktop/sites/blood_test/wp-content/plugins/woocommerce/includes/abstracts/abstract-wc-data.php:762
Stack trace:
#0 /Users/electriceskimo/Desktop/sites/blood_test/wp-content/plugins/woocommerce/includes/class-wc-customer.php(962): WC_Data->error('customer_invali...', 'Invalid billing...')
#1 /Users/electriceskimo/Desktop/sites/blood_test/wp-content/plugins/woocommerce/includes/data-stores/class-wc-customer-data-store-session.php(113): WC_Customer->set_billing_email('craig@localhost')
#2 /Users/electriceskimo/Desktop/sites/blood_test/wp-content/plugins/woocommerce/includes/class-wc-data-store.php(156): WC_Customer_Data_Store_Session->read(Object(WC_Customer))
#3 /Users/electriceskimo/Desktop/sites/blood_test/wp-content/plugins/woocommerce/includes/class-wc-customer.php(116): WC_Data_Store->read(Object(WC_Customer))
#4 /Users/electriceskimo/Desktop/sites/blood_test/wp-content/plugins/woocommerce/includes/class-woocommerce.php(480

2019-10-20T01:51:04+00:00 CRITICAL Uncaught WC_Data_Exception: Invalid billing email address in /Users/electriceskimo/Desktop/sites/blood_test/wp-content/plugins/woocommerce/includes/abstracts/abstract-wc-data.php:762
Stack trace:
#0 /Users/electriceskimo/Desktop/sites/blood_test/wp-content/plugins/woocommerce/includes/class-wc-customer.php(962): WC_Data->error('customer_invali...', 'Invalid billing...')
#1 /Users/electriceskimo/Desktop/sites/blood_test/wp-content/plugins/woocommerce/includes/data-stores/class-wc-customer-data-store-session.php(113): WC_Customer->set_billing_email('craig@localhost')
#2 /Users/electriceskimo/Desktop/sites/blood_test/wp-content/plugins/woocommerce/includes/class-wc-data-store.php(156): WC_Customer_Data_Store_Session->read(Object(WC_Customer))
#3 /Users/electriceskimo/Desktop/sites/blood_test/wp-content/plugins/woocommerce/includes/class-wc-customer.php(116): WC_Data_Store->read(Object(WC_Customer))
#4 /Users/electriceskimo/Desktop/sites/blood_test/wp-content/plugins/woocommerce/includes/class-woocommerce.php(480

2019-10-20T01:51:23+00:00 CRITICAL Uncaught WC_Data_Exception: Invalid billing email address in /Users/electriceskimo/Desktop/sites/blood_test/wp-content/plugins/woocommerce/includes/abstracts/abstract-wc-data.php:762
Stack trace:
#0 /Users/electriceskimo/Desktop/sites/blood_test/wp-content/plugins/woocommerce/includes/class-wc-customer.php(962): WC_Data->error('customer_invali...', 'Invalid billing...')
#1 /Users/electriceskimo/Desktop/sites/blood_test/wp-content/plugins/woocommerce/includes/data-stores/class-wc-customer-data-store-session.php(113): WC_Customer->set_billing_email('craig@localhost')
#2 /Users/electriceskimo/Desktop/sites/blood_test/wp-content/plugins/woocommerce/includes/class-wc-data-store.php(156): WC_Customer_Data_Store_Session->read(Object(WC_Customer))
#3 /Users/electriceskimo/Desktop/sites/blood_test/wp-content/plugins/woocommerce/includes/class-wc-customer.php(116): WC_Data_Store->read(Object(WC_Customer))
#4 /Users/electriceskimo/Desktop/sites/blood_test/wp-content/plugins/woocommerce/includes/class-woocommerce.php(480

2019-10-20T01:51:23+00:00 CRITICAL Uncaught WC_Data_Exception: Invalid billing email address in /Users/electriceskimo/Desktop/sites/blood_test/wp-content/plugins/woocommerce/includes/abstracts/abstract-wc-data.php:762
Stack trace:
#0 /Users/electriceskimo/Desktop/sites/blood_test/wp-content/plugins/woocommerce/includes/class-wc-customer.php(962): WC_Data->error('customer_invali...', 'Invalid billing...')
#1 /Users/electriceskimo/Desktop/sites/blood_test/wp-content/plugins/woocommerce/includes/data-stores/class-wc-customer-data-store-session.php(113): WC_Customer->set_billing_email('craig@localhost')
#2 /Users/electriceskimo/Desktop/sites/blood_test/wp-content/plugins/woocommerce/includes/class-wc-data-store.php(156): WC_Customer_Data_Store_Session->read(Object(WC_Customer))
#3 /Users/electriceskimo/Desktop/sites/blood_test/wp-content/plugins/woocommerce/includes/class-wc-customer.php(116): WC_Data_Store->read(Object(WC_Customer))
#4 /Users/electriceskimo/Desktop/sites/blood_test/wp-content/plugins/woocommerce/includes/class-woocommerce.php(480

2019-10-20T01:51:25+00:00 CRITICAL Uncaught WC_Data_Exception: Invalid billing email address in /Users/electriceskimo/Desktop/sites/blood_test/wp-content/plugins/woocommerce/includes/abstracts/abstract-wc-data.php:762
Stack trace:
#0 /Users/electriceskimo/Desktop/sites/blood_test/wp-content/plugins/woocommerce/includes/class-wc-customer.php(962): WC_Data->error('customer_invali...', 'Invalid billing...')
#1 /Users/electriceskimo/Desktop/sites/blood_test/wp-content/plugins/woocommerce/includes/data-stores/class-wc-customer-data-store-session.php(113): WC_Customer->set_billing_email('craig@localhost')
#2 /Users/electriceskimo/Desktop/sites/blood_test/wp-content/plugins/woocommerce/includes/class-wc-data-store.php(156): WC_Customer_Data_Store_Session->read(Object(WC_Customer))
#3 /Users/electriceskimo/Desktop/sites/blood_test/wp-content/plugins/woocommerce/includes/class-wc-customer.php(116): WC_Data_Store->read(Object(WC_Customer))
#4 /Users/electriceskimo/Desktop/sites/blood_test/wp-content/plugins/woocommerce/includes/class-woocommerce.php(480

2019-10-20T01:51:26+00:00 CRITICAL Uncaught WC_Data_Exception: Invalid billing email address in /Users/electriceskimo/Desktop/sites/blood_test/wp-content/plugins/woocommerce/includes/abstracts/abstract-wc-data.php:762
Stack trace:
#0 /Users/electriceskimo/Desktop/sites/blood_test/wp-content/plugins/woocommerce/includes/class-wc-customer.php(962): WC_Data->error('customer_invali...', 'Invalid billing...')
#1 /Users/electriceskimo/Desktop/sites/blood_test/wp-content/plugins/woocommerce/includes/data-stores/class-wc-customer-data-store-session.php(113): WC_Customer->set_billing_email('craig@localhost')
#2 /Users/electriceskimo/Desktop/sites/blood_test/wp-content/plugins/woocommerce/includes/class-wc-data-store.php(156): WC_Customer_Data_Store_Session->read(Object(WC_Customer))
#3 /Users/electriceskimo/Desktop/sites/blood_test/wp-content/plugins/woocommerce/includes/class-wc-customer.php(116): WC_Data_Store->read(Object(WC_Customer))
#4 /Users/electriceskimo/Desktop/sites/blood_test/wp-content/plugins/woocommerce/includes/class-woocommerce.php(480

2019-10-20T01:52:23+00:00 CRITICAL Uncaught WC_Data_Exception: Invalid billing email address in /Users/electriceskimo/Desktop/sites/blood_test/wp-content/plugins/woocommerce/includes/abstracts/abstract-wc-data.php:762
Stack trace:
#0 /Users/electriceskimo/Desktop/sites/blood_test/wp-content/plugins/woocommerce/includes/class-wc-customer.php(962): WC_Data->error('customer_invali...', 'Invalid billing...')
#1 /Users/electriceskimo/Desktop/sites/blood_test/wp-content/plugins/woocommerce/includes/data-stores/class-wc-customer-data-store-session.php(113): WC_Customer->set_billing_email('craig@localhost')
#2 /Users/electriceskimo/Desktop/sites/blood_test/wp-content/plugins/woocommerce/includes/class-wc-data-store.php(156): WC_Customer_Data_Store_Session->read(Object(WC_Customer))
#3 /Users/electriceskimo/Desktop/sites/blood_test/wp-content/plugins/woocommerce/includes/class-wc-customer.php(116): WC_Data_Store->read(Object(WC_Customer))
#4 /Users/electriceskimo/Desktop/sites/blood_test/wp-content/plugins/woocommerce/includes/class-woocommerce.php(480

2019-10-20T01:53:24+00:00 CRITICAL Uncaught WC_Data_Exception: Invalid billing email address in /Users/electriceskimo/Desktop/sites/blood_test/wp-content/plugins/woocommerce/includes/abstracts/abstract-wc-data.php:762
Stack trace:
#0 /Users/electriceskimo/Desktop/sites/blood_test/wp-content/plugins/woocommerce/includes/class-wc-customer.php(962): WC_Data->error('customer_invali...', 'Invalid billing...')
#1 /Users/electriceskimo/Desktop/sites/blood_test/wp-content/plugins/woocommerce/includes/data-stores/class-wc-customer-data-store-session.php(113): WC_Customer->set_billing_email('craig@localhost')
#2 /Users/electriceskimo/Desktop/sites/blood_test/wp-content/plugins/woocommerce/includes/class-wc-data-store.php(156): WC_Customer_Data_Store_Session->read(Object(WC_Customer))
#3 /Users/electriceskimo/Desktop/sites/blood_test/wp-content/plugins/woocommerce/includes/class-wc-customer.php(116): WC_Data_Store->read(Object(WC_Customer))
#4 /Users/electriceskimo/Desktop/sites/blood_test/wp-content/plugins/woocommerce/includes/class-woocommerce.php(480

2019-10-20T01:54:25+00:00 CRITICAL Uncaught WC_Data_Exception: Invalid billing email address in /Users/electriceskimo/Desktop/sites/blood_test/wp-content/plugins/woocommerce/includes/abstracts/abstract-wc-data.php:762
Stack trace:
#0 /Users/electriceskimo/Desktop/sites/blood_test/wp-content/plugins/woocommerce/includes/class-wc-customer.php(962): WC_Data->error('customer_invali...', 'Invalid billing...')
#1 /Users/electriceskimo/Desktop/sites/blood_test/wp-content/plugins/woocommerce/includes/data-stores/class-wc-customer-data-store-session.php(113): WC_Customer->set_billing_email('craig@localhost')
#2 /Users/electriceskimo/Desktop/sites/blood_test/wp-content/plugins/woocommerce/includes/class-wc-data-store.php(156): WC_Customer_Data_Store_Session->read(Object(WC_Customer))
#3 /Users/electriceskimo/Desktop/sites/blood_test/wp-content/plugins/woocommerce/includes/class-wc-customer.php(116): WC_Data_Store->read(Object(WC_Customer))
#4 /Users/electriceskimo/Desktop/sites/blood_test/wp-content/plugins/woocommerce/includes/class-woocommerce.php(480

2019-10-20T01:54:26+00:00 CRITICAL Uncaught WC_Data_Exception: Invalid billing email address in /Users/electriceskimo/Desktop/sites/blood_test/wp-content/plugins/woocommerce/includes/abstracts/abstract-wc-data.php:762
Stack trace:
#0 /Users/electriceskimo/Desktop/sites/blood_test/wp-content/plugins/woocommerce/includes/class-wc-customer.php(962): WC_Data->error('customer_invali...', 'Invalid billing...')
#1 /Users/electriceskimo/Desktop/sites/blood_test/wp-content/plugins/woocommerce/includes/data-stores/class-wc-customer-data-store-session.php(113): WC_Customer->set_billing_email('craig@localhost')
#2 /Users/electriceskimo/Desktop/sites/blood_test/wp-content/plugins/woocommerce/includes/class-wc-data-store.php(156): WC_Customer_Data_Store_Session->read(Object(WC_Customer))
#3 /Users/electriceskimo/Desktop/sites/blood_test/wp-content/plugins/woocommerce/includes/class-wc-customer.php(116): WC_Data_Store->read(Object(WC_Customer))
#4 /Users/electriceskimo/Desktop/sites/blood_test/wp-content/plugins/woocommerce/includes/class-woocommerce.php(480

2019-10-20T01:54:27+00:00 CRITICAL Uncaught WC_Data_Exception: Invalid billing email address in /Users/electriceskimo/Desktop/sites/blood_test/wp-content/plugins/woocommerce/includes/abstracts/abstract-wc-data.php:762
Stack trace:
#0 /Users/electriceskimo/Desktop/sites/blood_test/wp-content/plugins/woocommerce/includes/class-wc-customer.php(962): WC_Data->error('customer_invali...', 'Invalid billing...')
#1 /Users/electriceskimo/Desktop/sites/blood_test/wp-content/plugins/woocommerce/includes/data-stores/class-wc-customer-data-store-session.php(113): WC_Customer->set_billing_email('craig@localhost')
#2 /Users/electriceskimo/Desktop/sites/blood_test/wp-content/plugins/woocommerce/includes/class-wc-data-store.php(156): WC_Customer_Data_Store_Session->read(Object(WC_Customer))
#3 /Users/electriceskimo/Desktop/sites/blood_test/wp-content/plugins/woocommerce/includes/class-wc-customer.php(116): WC_Data_Store->read(Object(WC_Customer))
#4 /Users/electriceskimo/Desktop/sites/blood_test/wp-content/plugins/woocommerce/includes/class-woocommerce.php(480

2019-10-20T01:54:29+00:00 CRITICAL Uncaught WC_Data_Exception: Invalid billing email address in /Users/electriceskimo/Desktop/sites/blood_test/wp-content/plugins/woocommerce/includes/abstracts/abstract-wc-data.php:762
Stack trace:
#0 /Users/electriceskimo/Desktop/sites/blood_test/wp-content/plugins/woocommerce/includes/class-wc-customer.php(962): WC_Data->error('customer_invali...', 'Invalid billing...')
#1 /Users/electriceskimo/Desktop/sites/blood_test/wp-content/plugins/woocommerce/includes/data-stores/class-wc-customer-data-store-session.php(113): WC_Customer->set_billing_email('craig@localhost')
#2 /Users/electriceskimo/Desktop/sites/blood_test/wp-content/plugins/woocommerce/includes/class-wc-data-store.php(156): WC_Customer_Data_Store_Session->read(Object(WC_Customer))
#3 /Users/electriceskimo/Desktop/sites/blood_test/wp-content/plugins/woocommerce/includes/class-wc-customer.php(116): WC_Data_Store->read(Object(WC_Customer))
#4 /Users/electriceskimo/Desktop/sites/blood_test/wp-content/plugins/woocommerce/includes/class-woocommerce.php(480

2019-10-20T01:55:26+00:00 CRITICAL Uncaught WC_Data_Exception: Invalid billing email address in /Users/electriceskimo/Desktop/sites/blood_test/wp-content/plugins/woocommerce/includes/abstracts/abstract-wc-data.php:762
Stack trace:
#0 /Users/electriceskimo/Desktop/sites/blood_test/wp-content/plugins/woocommerce/includes/class-wc-customer.php(962): WC_Data->error('customer_invali...', 'Invalid billing...')
#1 /Users/electriceskimo/Desktop/sites/blood_test/wp-content/plugins/woocommerce/includes/data-stores/class-wc-customer-data-store-session.php(113): WC_Customer->set_billing_email('craig@localhost')
#2 /Users/electriceskimo/Desktop/sites/blood_test/wp-content/plugins/woocommerce/includes/class-wc-data-store.php(156): WC_Customer_Data_Store_Session->read(Object(WC_Customer))
#3 /Users/electriceskimo/Desktop/sites/blood_test/wp-content/plugins/woocommerce/includes/class-wc-customer.php(116): WC_Data_Store->read(Object(WC_Customer))
#4 /Users/electriceskimo/Desktop/sites/blood_test/wp-content/plugins/woocommerce/includes/class-woocommerce.php(480

2019-10-20T09:01:54+00:00 CRITICAL Uncaught WC_Data_Exception: Invalid billing email address in /Users/electriceskimo/Desktop/sites/blood_test/wp-content/plugins/woocommerce/includes/abstracts/abstract-wc-data.php:762
Stack trace:
#0 /Users/electriceskimo/Desktop/sites/blood_test/wp-content/plugins/woocommerce/includes/class-wc-customer.php(962): WC_Data->error('customer_invali...', 'Invalid billing...')
#1 /Users/electriceskimo/Desktop/sites/blood_test/wp-content/plugins/woocommerce/includes/data-stores/class-wc-customer-data-store-session.php(113): WC_Customer->set_billing_email('craig@localhost')
#2 /Users/electriceskimo/Desktop/sites/blood_test/wp-content/plugins/woocommerce/includes/class-wc-data-store.php(156): WC_Customer_Data_Store_Session->read(Object(WC_Customer))
#3 /Users/electriceskimo/Desktop/sites/blood_test/wp-content/plugins/woocommerce/includes/class-wc-customer.php(116): WC_Data_Store->read(Object(WC_Customer))
#4 /Users/electriceskimo/Desktop/sites/blood_test/wp-content/plugins/woocommerce/includes/class-woocommerce.php(480

2019-10-20T09:01:55+00:00 CRITICAL Uncaught WC_Data_Exception: Invalid billing email address in /Users/electriceskimo/Desktop/sites/blood_test/wp-content/plugins/woocommerce/includes/abstracts/abstract-wc-data.php:762
Stack trace:
#0 /Users/electriceskimo/Desktop/sites/blood_test/wp-content/plugins/woocommerce/includes/class-wc-customer.php(962): WC_Data->error('customer_invali...', 'Invalid billing...')
#1 /Users/electriceskimo/Desktop/sites/blood_test/wp-content/plugins/woocommerce/includes/data-stores/class-wc-customer-data-store-session.php(113): WC_Customer->set_billing_email('craig@localhost')
#2 /Users/electriceskimo/Desktop/sites/blood_test/wp-content/plugins/woocommerce/includes/class-wc-data-store.php(156): WC_Customer_Data_Store_Session->read(Object(WC_Customer))
#3 /Users/electriceskimo/Desktop/sites/blood_test/wp-content/plugins/woocommerce/includes/class-wc-customer.php(116): WC_Data_Store->read(Object(WC_Customer))
#4 /Users/electriceskimo/Desktop/sites/blood_test/wp-content/plugins/woocommerce/includes/class-woocommerce.php(480

2019-10-20T09:02:51+00:00 CRITICAL Uncaught WC_Data_Exception: Invalid billing email address in /Users/electriceskimo/Desktop/sites/blood_test/wp-content/plugins/woocommerce/includes/abstracts/abstract-wc-data.php:762
Stack trace:
#0 /Users/electriceskimo/Desktop/sites/blood_test/wp-content/plugins/woocommerce/includes/class-wc-customer.php(962): WC_Data->error('customer_invali...', 'Invalid billing...')
#1 /Users/electriceskimo/Desktop/sites/blood_test/wp-content/plugins/woocommerce/includes/data-stores/class-wc-customer-data-store-session.php(113): WC_Customer->set_billing_email('craig@localhost')
#2 /Users/electriceskimo/Desktop/sites/blood_test/wp-content/plugins/woocommerce/includes/class-wc-data-store.php(156): WC_Customer_Data_Store_Session->read(Object(WC_Customer))
#3 /Users/electriceskimo/Desktop/sites/blood_test/wp-content/plugins/woocommerce/includes/class-wc-customer.php(116): WC_Data_Store->read(Object(WC_Customer))
#4 /Users/electriceskimo/Desktop/sites/blood_test/wp-content/plugins/woocommerce/includes/class-woocommerce.php(480

2019-10-20T09:02:59+00:00 CRITICAL Uncaught WC_Data_Exception: Invalid billing email address in /Users/electriceskimo/Desktop/sites/blood_test/wp-content/plugins/woocommerce/includes/abstracts/abstract-wc-data.php:762
Stack trace:
#0 /Users/electriceskimo/Desktop/sites/blood_test/wp-content/plugins/woocommerce/includes/class-wc-customer.php(962): WC_Data->error('customer_invali...', 'Invalid billing...')
#1 /Users/electriceskimo/Desktop/sites/blood_test/wp-content/plugins/woocommerce/includes/data-stores/class-wc-customer-data-store-session.php(113): WC_Customer->set_billing_email('craig@localhost')
#2 /Users/electriceskimo/Desktop/sites/blood_test/wp-content/plugins/woocommerce/includes/class-wc-data-store.php(156): WC_Customer_Data_Store_Session->read(Object(WC_Customer))
#3 /Users/electriceskimo/Desktop/sites/blood_test/wp-content/plugins/woocommerce/includes/class-wc-customer.php(116): WC_Data_Store->read(Object(WC_Customer))
#4 /Users/electriceskimo/Desktop/sites/blood_test/wp-content/plugins/woocommerce/includes/class-woocommerce.php(480

2019-10-20T09:03:00+00:00 CRITICAL Uncaught WC_Data_Exception: Invalid billing email address in /Users/electriceskimo/Desktop/sites/blood_test/wp-content/plugins/woocommerce/includes/abstracts/abstract-wc-data.php:762
Stack trace:
#0 /Users/electriceskimo/Desktop/sites/blood_test/wp-content/plugins/woocommerce/includes/class-wc-customer.php(962): WC_Data->error('customer_invali...', 'Invalid billing...')
#1 /Users/electriceskimo/Desktop/sites/blood_test/wp-content/plugins/woocommerce/includes/data-stores/class-wc-customer-data-store-session.php(113): WC_Customer->set_billing_email('craig@localhost')
#2 /Users/electriceskimo/Desktop/sites/blood_test/wp-content/plugins/woocommerce/includes/class-wc-data-store.php(156): WC_Customer_Data_Store_Session->read(Object(WC_Customer))
#3 /Users/electriceskimo/Desktop/sites/blood_test/wp-content/plugins/woocommerce/includes/class-wc-customer.php(116): WC_Data_Store->read(Object(WC_Customer))
#4 /Users/electriceskimo/Desktop/sites/blood_test/wp-content/plugins/woocommerce/includes/class-woocommerce.php(480

2019-10-20T09:03:01+00:00 CRITICAL Uncaught WC_Data_Exception: Invalid billing email address in /Users/electriceskimo/Desktop/sites/blood_test/wp-content/plugins/woocommerce/includes/abstracts/abstract-wc-data.php:762
Stack trace:
#0 /Users/electriceskimo/Desktop/sites/blood_test/wp-content/plugins/woocommerce/includes/class-wc-customer.php(962): WC_Data->error('customer_invali...', 'Invalid billing...')
#1 /Users/electriceskimo/Desktop/sites/blood_test/wp-content/plugins/woocommerce/includes/data-stores/class-wc-customer-data-store-session.php(113): WC_Customer->set_billing_email('craig@localhost')
#2 /Users/electriceskimo/Desktop/sites/blood_test/wp-content/plugins/woocommerce/includes/class-wc-data-store.php(156): WC_Customer_Data_Store_Session->read(Object(WC_Customer))
#3 /Users/electriceskimo/Desktop/sites/blood_test/wp-content/plugins/woocommerce/includes/class-wc-customer.php(116): WC_Data_Store->read(Object(WC_Customer))
#4 /Users/electriceskimo/Desktop/sites/blood_test/wp-content/plugins/woocommerce/includes/class-woocommerce.php(480

2019-10-20T09:03:02+00:00 CRITICAL Uncaught WC_Data_Exception: Invalid billing email address in /Users/electriceskimo/Desktop/sites/blood_test/wp-content/plugins/woocommerce/includes/abstracts/abstract-wc-data.php:762
Stack trace:
#0 /Users/electriceskimo/Desktop/sites/blood_test/wp-content/plugins/woocommerce/includes/class-wc-customer.php(962): WC_Data->error('customer_invali...', 'Invalid billing...')
#1 /Users/electriceskimo/Desktop/sites/blood_test/wp-content/plugins/woocommerce/includes/data-stores/class-wc-customer-data-store-session.php(113): WC_Customer->set_billing_email('craig@localhost')
#2 /Users/electriceskimo/Desktop/sites/blood_test/wp-content/plugins/woocommerce/includes/class-wc-data-store.php(156): WC_Customer_Data_Store_Session->read(Object(WC_Customer))
#3 /Users/electriceskimo/Desktop/sites/blood_test/wp-content/plugins/woocommerce/includes/class-wc-customer.php(116): WC_Data_Store->read(Object(WC_Customer))
#4 /Users/electriceskimo/Desktop/sites/blood_test/wp-content/plugins/woocommerce/includes/class-woocommerce.php(480

2019-10-20T09:03:07+00:00 CRITICAL Uncaught WC_Data_Exception: Invalid billing email address in /Users/electriceskimo/Desktop/sites/blood_test/wp-content/plugins/woocommerce/includes/abstracts/abstract-wc-data.php:762
Stack trace:
#0 /Users/electriceskimo/Desktop/sites/blood_test/wp-content/plugins/woocommerce/includes/class-wc-customer.php(962): WC_Data->error('customer_invali...', 'Invalid billing...')
#1 /Users/electriceskimo/Desktop/sites/blood_test/wp-content/plugins/woocommerce/includes/data-stores/class-wc-customer-data-store-session.php(113): WC_Customer->set_billing_email('craig@localhost')
#2 /Users/electriceskimo/Desktop/sites/blood_test/wp-content/plugins/woocommerce/includes/class-wc-data-store.php(156): WC_Customer_Data_Store_Session->read(Object(WC_Customer))
#3 /Users/electriceskimo/Desktop/sites/blood_test/wp-content/plugins/woocommerce/includes/class-wc-customer.php(116): WC_Data_Store->read(Object(WC_Customer))
#4 /Users/electriceskimo/Desktop/sites/blood_test/wp-content/plugins/woocommerce/includes/class-woocommerce.php(480

2019-10-20T09:03:07+00:00 CRITICAL Uncaught WC_Data_Exception: Invalid billing email address in /Users/electriceskimo/Desktop/sites/blood_test/wp-content/plugins/woocommerce/includes/abstracts/abstract-wc-data.php:762
Stack trace:
#0 /Users/electriceskimo/Desktop/sites/blood_test/wp-content/plugins/woocommerce/includes/class-wc-customer.php(962): WC_Data->error('customer_invali...', 'Invalid billing...')
#1 /Users/electriceskimo/Desktop/sites/blood_test/wp-content/plugins/woocommerce/includes/data-stores/class-wc-customer-data-store-session.php(113): WC_Customer->set_billing_email('craig@localhost')
#2 /Users/electriceskimo/Desktop/sites/blood_test/wp-content/plugins/woocommerce/includes/class-wc-data-store.php(156): WC_Customer_Data_Store_Session->read(Object(WC_Customer))
#3 /Users/electriceskimo/Desktop/sites/blood_test/wp-content/plugins/woocommerce/includes/class-wc-customer.php(116): WC_Data_Store->read(Object(WC_Customer))
#4 /Users/electriceskimo/Desktop/sites/blood_test/wp-content/plugins/woocommerce/includes/class-woocommerce.php(480

2019-10-20T09:03:08+00:00 CRITICAL Uncaught WC_Data_Exception: Invalid billing email address in /Users/electriceskimo/Desktop/sites/blood_test/wp-content/plugins/woocommerce/includes/abstracts/abstract-wc-data.php:762
Stack trace:
#0 /Users/electriceskimo/Desktop/sites/blood_test/wp-content/plugins/woocommerce/includes/class-wc-customer.php(962): WC_Data->error('customer_invali...', 'Invalid billing...')
#1 /Users/electriceskimo/Desktop/sites/blood_test/wp-content/plugins/woocommerce/includes/data-stores/class-wc-customer-data-store-session.php(113): WC_Customer->set_billing_email('craig@localhost')
#2 /Users/electriceskimo/Desktop/sites/blood_test/wp-content/plugins/woocommerce/includes/class-wc-data-store.php(156): WC_Customer_Data_Store_Session->read(Object(WC_Customer))
#3 /Users/electriceskimo/Desktop/sites/blood_test/wp-content/plugins/woocommerce/includes/class-wc-customer.php(116): WC_Data_Store->read(Object(WC_Customer))
#4 /Users/electriceskimo/Desktop/sites/blood_test/wp-content/plugins/woocommerce/includes/class-woocommerce.php(480

2019-10-20T09:03:09+00:00 CRITICAL Uncaught WC_Data_Exception: Invalid billing email address in /Users/electriceskimo/Desktop/sites/blood_test/wp-content/plugins/woocommerce/includes/abstracts/abstract-wc-data.php:762
Stack trace:
#0 /Users/electriceskimo/Desktop/sites/blood_test/wp-content/plugins/woocommerce/includes/class-wc-customer.php(962): WC_Data->error('customer_invali...', 'Invalid billing...')
#1 /Users/electriceskimo/Desktop/sites/blood_test/wp-content/plugins/woocommerce/includes/data-stores/class-wc-customer-data-store-session.php(113): WC_Customer->set_billing_email('craig@localhost')
#2 /Users/electriceskimo/Desktop/sites/blood_test/wp-content/plugins/woocommerce/includes/class-wc-data-store.php(156): WC_Customer_Data_Store_Session->read(Object(WC_Customer))
#3 /Users/electriceskimo/Desktop/sites/blood_test/wp-content/plugins/woocommerce/includes/class-wc-customer.php(116): WC_Data_Store->read(Object(WC_Customer))
#4 /Users/electriceskimo/Desktop/sites/blood_test/wp-content/plugins/woocommerce/includes/class-woocommerce.php(480

2019-10-20T19:56:59+00:00 CRITICAL Allowed memory size of 268435456 bytes exhausted (tried to allocate 12288 bytes)

2019-10-20T20:03:41+00:00 CRITICAL Allowed memory size of 268435456 bytes exhausted (tried to allocate 12288 bytes)

2019-10-20T20:36:48+00:00 CRITICAL Allowed memory size of 268435456 bytes exhausted (tried to allocate 12288 bytes)

2019-10-20T20:49:41+00:00 CRITICAL Allowed memory size of 268435456 bytes exhausted (tried to allocate 36864 bytes)

2019-10-20T20:53:06+00:00 CRITICAL Allowed memory size of 268435456 bytes exhausted (tried to allocate 36864 bytes)

2019-10-20T21:19:10+00:00 CRITICAL Allowed memory size of 268435456 bytes exhausted (tried to allocate 12288 bytes)

2019-10-20T21:25:36+00:00 CRITICAL Allowed memory size of 268435456 bytes exhausted (tried to allocate 36864 bytes)

2019-10-20T21:31:04+00:00 CRITICAL Allowed memory size of 268435456 bytes exhausted (tried to allocate 36864 bytes)

2019-10-20T21:46:49+00:00 CRITICAL Allowed memory size of 268435456 bytes exhausted (tried to allocate 36864 bytes)

2019-10-20T21:58:33+00:00 CRITICAL Allowed memory size of 268435456 bytes exhausted (tried to allocate 12288 bytes)

2019-10-20T22:15:00+00:00 CRITICAL Allowed memory size of 268435456 bytes exhausted (tried to allocate 36864 bytes)

2019-10-20T22:20:03+00:00 CRITICAL Allowed memory size of 268435456 bytes exhausted (tried to allocate 36864 bytes)

2019-10-20T22:25:30+00:00 CRITICAL Allowed memory size of 268435456 bytes exhausted (tried to allocate 36864 bytes)

2019-10-20T22:30:07+00:00 CRITICAL Allowed memory size of 268435456 bytes exhausted (tried to allocate 36864 bytes)

2019-10-20T22:35:15+00:00 CRITICAL Allowed memory size of 268435456 bytes exhausted (tried to allocate 36864 bytes)

2019-10-20T22:40:02+00:00 CRITICAL Allowed memory size of 268435456 bytes exhausted (tried to allocate 36864 bytes)

2019-10-20T22:45:14+00:00 CRITICAL Allowed memory size of 268435456 bytes exhausted (tried to allocate 36864 bytes)

2019-10-20T22:50:50+00:00 CRITICAL Allowed memory size of 268435456 bytes exhausted (tried to allocate 36864 bytes)

2019-10-20T22:55:18+00:00 CRITICAL Allowed memory size of 268435456 bytes exhausted (tried to allocate 36864 bytes)

2019-10-20T23:00:07+00:00 CRITICAL Allowed memory size of 268435456 bytes exhausted (tried to allocate 36864 bytes)

2019-10-20T23:06:23+00:00 CRITICAL Allowed memory size of 268435456 bytes exhausted (tried to allocate 36864 bytes)

2019-10-20T23:10:38+00:00 CRITICAL Allowed memory size of 268435456 bytes exhausted (tried to allocate 36864 bytes)

2019-10-20T23:15:39+00:00 CRITICAL Allowed memory size of 268435456 bytes exhausted (tried to allocate 36864 bytes)

2019-10-20T23:20:02+00:00 CRITICAL Allowed memory size of 268435456 bytes exhausted (tried to allocate 36864 bytes)

2019-10-20T23:26:39+00:00 CRITICAL Allowed memory size of 268435456 bytes exhausted (tried to allocate 36864 bytes)

2019-10-20T23:31:22+00:00 CRITICAL Allowed memory size of 268435456 bytes exhausted (tried to allocate 36864 bytes)

2019-10-20T23:35:39+00:00 CRITICAL Allowed memory size of 268435456 bytes exhausted (tried to allocate 36864 bytes)

2019-10-20T23:40:15+00:00 CRITICAL Allowed memory size of 268435456 bytes exhausted (tried to allocate 12288 bytes)

2019-10-20T23:45:40+00:00 CRITICAL Allowed memory size of 268435456 bytes exhausted (tried to allocate 36864 bytes)

2019-10-20T23:50:03+00:00 CRITICAL Allowed memory size of 268435456 bytes exhausted (tried to allocate 36864 bytes)

